<?xml version="1.0" encoding="UTF-8"?>
<!-- Generated by org.testng.reporters.JUnitReportReporter -->
<testsuite hostname="LIN-5CG115219T" failures="0" tests="1" name="Framework.ErrorValidationTest" time="18.250" errors="0" timestamp="2024-02-26T15:03:18 IST" skipped="0">
  <testcase classname="Framework.ErrorValidationTest" name="productErrorValidation" time="18.250"/>
</testsuite> <!-- Framework.ErrorValidationTest -->
