<?xml version="1.0" encoding="UTF-8"?>
<!-- Generated by org.testng.reporters.JUnitReportReporter -->
<testsuite hostname="LIN-5CG115219T" failures="0" tests="1" name="Framework.ErrorValidation" time="4.709" errors="0" timestamp="2023-11-10T16:41:24 IST" skipped="0">
  <testcase classname="Framework.ErrorValidation" name="submitOrder" time="4.709"/>
</testsuite> <!-- Framework.ErrorValidation -->
