<?xml version="1.0" encoding="UTF-8"?>
<!-- Generated by org.testng.reporters.JUnitReportReporter -->
<testsuite hostname="LIN-5CG115219T" failures="0" tests="3" name="Framework.OrderProductTest" time="32.075" errors="0" timestamp="2024-02-26T17:43:53 IST" skipped="0">
  <testcase classname="Framework.OrderProductTest" name="submitOrder" time="7.055"/>
  <testcase classname="Framework.OrderProductTest" name="orderHistoryTest" time="4.676"/>
  <testcase classname="Framework.OrderProductTest" name="submitOrder" time="20.344"/>
</testsuite> <!-- Framework.OrderProductTest -->
