<?xml version="1.0" encoding="UTF-8"?>
<!-- Generated by org.testng.reporters.JUnitReportReporter -->
<testsuite hostname="LIN-5CG115219T" failures="0" tests="2" name="Framework.ErrorValidationTest" time="24.310" errors="0" timestamp="2024-02-26T17:43:53 IST" skipped="0">
  <testcase classname="Framework.ErrorValidationTest" name="loginErrorValidation" time="6.804"/>
  <testcase classname="Framework.ErrorValidationTest" name="productErrorValidation" time="17.506"/>
</testsuite> <!-- Framework.ErrorValidationTest -->
